SyntaxError: Unexpected token o in JSON at position 1
    at JSON.parse (<anonymous>)
    at parse (C:\node\api-marco\node_modules\body-parser\lib\types\json.js:89:19)
    at C:\node\api-marco\node_modules\body-parser\lib\read.js:121:18
    at invokeCallback (C:\node\api-marco\node_modules\raw-body\index.js:224:16)
    at done (C:\node\api-marco\node_modules\raw-body\index.js:213:7)
    at IncomingMessage.onEnd (C:\node\api-marco\node_modules\raw-body\index.js:273:7)
    at IncomingMessage.emit (node:events:402:35)
    at endReadableNT (node:internal/streams/readable:1343:12)
    at processTicksAndRejections (node:internal/process/task_queues:83:21)
SyntaxError: Unexpected token o in JSON at position 1
    at JSON.parse (<anonymous>)
    at parse (C:\node\api-marco\node_modules\body-parser\lib\types\json.js:89:19)
    at C:\node\api-marco\node_modules\body-parser\lib\read.js:121:18
    at invokeCallback (C:\node\api-marco\node_modules\raw-body\index.js:224:16)
    at done (C:\node\api-marco\node_modules\raw-body\index.js:213:7)
    at IncomingMessage.onEnd (C:\node\api-marco\node_modules\raw-body\index.js:273:7)
    at IncomingMessage.emit (node:events:402:35)
    at endReadableNT (node:internal/streams/readable:1343:12)
    at processTicksAndRejections (node:internal/process/task_queues:83:21)
SyntaxError: Unexpected token o in JSON at position 1
    at JSON.parse (<anonymous>)
    at parse (C:\node\api-marco\node_modules\body-parser\lib\types\json.js:89:19)
    at C:\node\api-marco\node_modules\body-parser\lib\read.js:121:18
    at invokeCallback (C:\node\api-marco\node_modules\raw-body\index.js:224:16)
    at done (C:\node\api-marco\node_modules\raw-body\index.js:213:7)
    at IncomingMessage.onEnd (C:\node\api-marco\node_modules\raw-body\index.js:273:7)
    at IncomingMessage.emit (node:events:402:35)
    at endReadableNT (node:internal/streams/readable:1343:12)
    at processTicksAndRejections (node:internal/process/task_queues:83:21)
SyntaxError: Unexpected token o in JSON at position 1
    at JSON.parse (<anonymous>)
    at parse (C:\node\api-marco\node_modules\body-parser\lib\types\json.js:89:19)
    at C:\node\api-marco\node_modules\body-parser\lib\read.js:121:18
    at invokeCallback (C:\node\api-marco\node_modules\raw-body\index.js:224:16)
    at done (C:\node\api-marco\node_modules\raw-body\index.js:213:7)
    at IncomingMessage.onEnd (C:\node\api-marco\node_modules\raw-body\index.js:273:7)
    at IncomingMessage.emit (node:events:402:35)
    at endReadableNT (node:internal/streams/readable:1343:12)
    at processTicksAndRejections (node:internal/process/task_queues:83:21)
SyntaxError: Unexpected token o in JSON at position 1
    at JSON.parse (<anonymous>)
    at parse (C:\node\api-marco\node_modules\body-parser\lib\types\json.js:89:19)
    at C:\node\api-marco\node_modules\body-parser\lib\read.js:121:18
    at invokeCallback (C:\node\api-marco\node_modules\raw-body\index.js:224:16)
    at done (C:\node\api-marco\node_modules\raw-body\index.js:213:7)
    at IncomingMessage.onEnd (C:\node\api-marco\node_modules\raw-body\index.js:273:7)
    at IncomingMessage.emit (node:events:402:35)
    at endReadableNT (node:internal/streams/readable:1343:12)
    at processTicksAndRejections (node:internal/process/task_queues:83:21)
SyntaxError: Unexpected token o in JSON at position 1
    at JSON.parse (<anonymous>)
    at parse (C:\node\api-marco\node_modules\body-parser\lib\types\json.js:89:19)
    at C:\node\api-marco\node_modules\body-parser\lib\read.js:121:18
    at invokeCallback (C:\node\api-marco\node_modules\raw-body\index.js:224:16)
    at done (C:\node\api-marco\node_modules\raw-body\index.js:213:7)
    at IncomingMessage.onEnd (C:\node\api-marco\node_modules\raw-body\index.js:273:7)
    at IncomingMessage.emit (node:events:402:35)
    at endReadableNT (node:internal/streams/readable:1343:12)
    at processTicksAndRejections (node:internal/process/task_queues:83:21)
SyntaxError: Unexpected token o in JSON at position 1
    at JSON.parse (<anonymous>)
    at parse (C:\node\api-marco\node_modules\body-parser\lib\types\json.js:89:19)
    at C:\node\api-marco\node_modules\body-parser\lib\read.js:121:18
    at invokeCallback (C:\node\api-marco\node_modules\raw-body\index.js:224:16)
    at done (C:\node\api-marco\node_modules\raw-body\index.js:213:7)
    at IncomingMessage.onEnd (C:\node\api-marco\node_modules\raw-body\index.js:273:7)
    at IncomingMessage.emit (node:events:402:35)
    at endReadableNT (node:internal/streams/readable:1343:12)
    at processTicksAndRejections (node:internal/process/task_queues:83:21)
SyntaxError: Unexpected token o in JSON at position 1
    at JSON.parse (<anonymous>)
    at parse (C:\node\api-marco\node_modules\body-parser\lib\types\json.js:89:19)
    at C:\node\api-marco\node_modules\body-parser\lib\read.js:121:18
    at invokeCallback (C:\node\api-marco\node_modules\raw-body\index.js:224:16)
    at done (C:\node\api-marco\node_modules\raw-body\index.js:213:7)
    at IncomingMessage.onEnd (C:\node\api-marco\node_modules\raw-body\index.js:273:7)
    at IncomingMessage.emit (node:events:402:35)
    at endReadableNT (node:internal/streams/readable:1343:12)
    at processTicksAndRejections (node:internal/process/task_queues:83:21)
SyntaxError: Unexpected token o in JSON at position 1
    at JSON.parse (<anonymous>)
    at parse (C:\node\api-marco\node_modules\body-parser\lib\types\json.js:89:19)
    at C:\node\api-marco\node_modules\body-parser\lib\read.js:121:18
    at invokeCallback (C:\node\api-marco\node_modules\raw-body\index.js:224:16)
    at done (C:\node\api-marco\node_modules\raw-body\index.js:213:7)
    at IncomingMessage.onEnd (C:\node\api-marco\node_modules\raw-body\index.js:273:7)
    at IncomingMessage.emit (node:events:402:35)
    at endReadableNT (node:internal/streams/readable:1343:12)
    at processTicksAndRejections (node:internal/process/task_queues:83:21)
SyntaxError: Unexpected token o in JSON at position 1
    at JSON.parse (<anonymous>)
    at parse (C:\node\api-marco\node_modules\body-parser\lib\types\json.js:89:19)
    at C:\node\api-marco\node_modules\body-parser\lib\read.js:121:18
    at invokeCallback (C:\node\api-marco\node_modules\raw-body\index.js:224:16)
    at done (C:\node\api-marco\node_modules\raw-body\index.js:213:7)
    at IncomingMessage.onEnd (C:\node\api-marco\node_modules\raw-body\index.js:273:7)
    at IncomingMessage.emit (node:events:402:35)
    at endReadableNT (node:internal/streams/readable:1343:12)
    at processTicksAndRejections (node:internal/process/task_queues:83:21)
C:\node\api-marco\node_modules\mongoose\lib\drivers\node-mongodb-native\collection.js:149
          const err = new MongooseError(message);
                      ^

MongooseError: Operation `activities.aggregate()` buffering timed out after 10000ms
    at Timeout.<anonymous> (C:\node\api-marco\node_modules\mongoose\lib\drivers\node-mongodb-native\collection.js:149:23)
    at listOnTimeout (node:internal/timers:557:17)
    at processTimers (node:internal/timers:500:7)
C:\node\api-marco\node_modules\mongoose\lib\drivers\node-mongodb-native\collection.js:149
          const err = new MongooseError(message);
                      ^

MongooseError: Operation `activities.aggregate()` buffering timed out after 10000ms
    at Timeout.<anonymous> (C:\node\api-marco\node_modules\mongoose\lib\drivers\node-mongodb-native\collection.js:149:23)
    at listOnTimeout (node:internal/timers:557:17)
    at processTimers (node:internal/timers:500:7)
C:\node\api-marco\node_modules\mongoose\lib\drivers\node-mongodb-native\collection.js:149
          const err = new MongooseError(message);
                      ^

MongooseError: Operation `activities.aggregate()` buffering timed out after 10000ms
    at Timeout.<anonymous> (C:\node\api-marco\node_modules\mongoose\lib\drivers\node-mongodb-native\collection.js:149:23)
    at listOnTimeout (node:internal/timers:557:17)
    at processTimers (node:internal/timers:500:7)
C:\node\api-marco\node_modules\mongoose\lib\drivers\node-mongodb-native\collection.js:149
          const err = new MongooseError(message);
                      ^

MongooseError: Operation `activities.aggregate()` buffering timed out after 10000ms
    at Timeout.<anonymous> (C:\node\api-marco\node_modules\mongoose\lib\drivers\node-mongodb-native\collection.js:149:23)
    at listOnTimeout (node:internal/timers:557:17)
    at processTimers (node:internal/timers:500:7)
C:\node\api-marco\node_modules\mongoose\lib\drivers\node-mongodb-native\collection.js:149
          const err = new MongooseError(message);
                      ^

MongooseError: Operation `activities.aggregate()` buffering timed out after 10000ms
    at Timeout.<anonymous> (C:\node\api-marco\node_modules\mongoose\lib\drivers\node-mongodb-native\collection.js:149:23)
    at listOnTimeout (node:internal/timers:557:17)
    at processTimers (node:internal/timers:500:7)
C:\node\api-marco\node_modules\mongoose\lib\drivers\node-mongodb-native\collection.js:149
          const err = new MongooseError(message);
                      ^

MongooseError: Operation `users.findOne()` buffering timed out after 10000ms
    at Timeout.<anonymous> (C:\node\api-marco\node_modules\mongoose\lib\drivers\node-mongodb-native\collection.js:149:23)
    at listOnTimeout (node:internal/timers:557:17)
    at processTimers (node:internal/timers:500:7)
C:\node\api-marco\node_modules\mongoose\lib\drivers\node-mongodb-native\collection.js:149
          const err = new MongooseError(message);
                      ^

MongooseError: Operation `activities.aggregate()` buffering timed out after 10000ms
    at Timeout.<anonymous> (C:\node\api-marco\node_modules\mongoose\lib\drivers\node-mongodb-native\collection.js:149:23)
    at listOnTimeout (node:internal/timers:557:17)
    at processTimers (node:internal/timers:500:7)
MulterError: Unexpected field
    at wrappedFileFilter (C:\node\api-marco\node_modules\multer\index.js:40:19)
    at Busboy.<anonymous> (C:\node\api-marco\node_modules\multer\lib\make-middleware.js:114:7)
    at Busboy.emit (node:events:390:28)
    at Busboy.emit (C:\node\api-marco\node_modules\busboy\lib\main.js:38:33)
    at PartStream.<anonymous> (C:\node\api-marco\node_modules\busboy\lib\types\multipart.js:213:13)
    at PartStream.emit (node:events:390:28)
    at HeaderParser.<anonymous> (C:\node\api-marco\node_modules\dicer\lib\Dicer.js:51:16)
    at HeaderParser.emit (node:events:390:28)
    at HeaderParser._finish (C:\node\api-marco\node_modules\dicer\lib\HeaderParser.js:68:8)
    at SBMH.<anonymous> (C:\node\api-marco\node_modules\dicer\lib\HeaderParser.js:40:12)
MulterError: Unexpected field
    at wrappedFileFilter (C:\node\api-marco\node_modules\multer\index.js:40:19)
    at Busboy.<anonymous> (C:\node\api-marco\node_modules\multer\lib\make-middleware.js:114:7)
    at Busboy.emit (node:events:390:28)
    at Busboy.emit (C:\node\api-marco\node_modules\busboy\lib\main.js:38:33)
    at PartStream.<anonymous> (C:\node\api-marco\node_modules\busboy\lib\types\multipart.js:213:13)
    at PartStream.emit (node:events:390:28)
    at HeaderParser.<anonymous> (C:\node\api-marco\node_modules\dicer\lib\Dicer.js:51:16)
    at HeaderParser.emit (node:events:390:28)
    at HeaderParser._finish (C:\node\api-marco\node_modules\dicer\lib\HeaderParser.js:68:8)
    at SBMH.<anonymous> (C:\node\api-marco\node_modules\dicer\lib\HeaderParser.js:40:12)
